
<--- Last few GCs --->

[23548:0000011FE2E96000]    28500 ms: Scavenge 44.6 (89.3) -> 35.1 (89.3) MB, pooled: 26 MB, 9.90 / 0.01 ms  (average mu = 0.996, current mu = 0.995) task; 
[23548:0000011FE2E96000]    28733 ms: Scavenge 47.6 (89.5) -> 37.4 (89.3) MB, pooled: 26 MB, 14.52 / 0.01 ms  (average mu = 0.996, current mu = 0.995) task; 
[23548:0000011FE2E96000]    28832 ms: Scavenge 50.4 (89.3) -> 39.8 (89.3) MB, pooled: 26 MB, 5.36 / 0.01 ms  (average mu = 0.996, current mu = 0.995) task; 


<--- JS stacktrace --->

FATAL ERROR: Zone Allocation failed - process out of memory
----- Native stack trace -----

 1: 00007FF6B6DC542D 
 2: 00007FF6B6D28248 
 3: 00007FF6B78AED41 
 4: 00007FF6B789B9C6 
 5: 00007FF6B736AA8B 
 6: 00007FF6B70EA938 
 7: 00007FF6B762C15C 
 8: 00007FF6B762F0B7 
 9: 00007FF6B7628187 
10: 00007FF6B762B6A6 
11: 00007FF6B7630111 
12: 00007FF6B762ED13 
13: 00007FF6B7628187 
14: 00007FF6B7628324 
15: 00007FF6B7628ECF 
16: 00007FF6B762EEF8 
17: 00007FF6B7628187 
18: 00007FF6B762B6A6 
19: 00007FF6B762ED52 
20: 00007FF6B7628187 
21: 00007FF6B762B75D 
22: 00007FF6B762E686 
23: 00007FF6B7628187 
24: 00007FF6B76316E5 
25: 00007FF6B7628777 
26: 00007FF6B7628634 
27: 00007FF6B762E656 
28: 00007FF6B7628187 
29: 00007FF6B76316E5 
30: 00007FF6B7626412 
31: 00007FF6B7626020 
32: 00007FF6B76159BB 
33: 00007FF6B7816498 
34: 00007FF6B780F7A8 
35: 00007FF6B7814A4F 
36: 00007FF6B7819EA8 
37: 00007FF6B78966D9 
38: 00007FF6B7896414 
39: 00007FF6B6D35E4D 
40: 00007FF6B6D363B2 
41: 0000012003F0FA64 
