"shadow*" style props are deprecated. Use "boxShadow".
D:\01_Projects\Websites\Web Projects\LowKey\node_modules\expo\node_modules\@expo\cli\build\src\utils\errors.js:130
    throw error;
    ^

Error: ENOENT: no such file or directory, watch 'D:\01_Projects\Websites\Web Projects\LowKey\node_modules\@emnapi\runtime'
    at FSWatcher.<computed> (node:internal/fs/watchers:247:19)
    at Object.watch (node:fs:2549:36)
    at #watchdir (D:\01_Projects\Websites\Web Projects\LowKey\node_modules\@expo\metro-file-map\build\watchers\FallbackWatcher.js:164:38)
    at D:\01_Projects\Websites\Web Projects\LowKey\node_modules\@expo\metro-file-map\build\watchers\FallbackWatcher.js:268:39
    at Walker.<anonymous> (D:\01_Projects\Websites\Web Projects\LowKey\node_modules\@expo\metro-file-map\build\watchers\FallbackWatcher.js:410:33)
    at Walker.emit (node:events:518:28)
    at D:\01_Projects\Websites\Web Projects\LowKey\node_modules\walker\lib\walker.js:69:16
    at FSReqCallback.oncomplete (node:fs:187:23)
    at FSReqCallback.callbackTrampoline (node:internal/async_hooks:130:17) {
  errno: -4058,
  syscall: 'watch',
  code: 'ENOENT',
  path: 'D:\\01_Projects\\Websites\\Web Projects\\LowKey\\node_modules\\@emnapi\\runtime',
  filename: 'D:\\01_Projects\\Websites\\Web Projects\\LowKey\\node_modules\\@emnapi\\runtime'
}

Node.js v22.17.0
